<?xml version="1.0" encoding="UTF-8"?>
<!-- Generated by org.testng.reporters.JUnitXMLReporter -->
<testsuite ignored="8" hostname="FPE-LAP-254" failures="0" tests="22" name="TestIE" time="182.954" errors="0" timestamp="2024-08-29T16:37:14 IST">
  <testcase classname="generics.BaseTest" name="@BeforeMethod openApplication" time="180.008">
    <failure type="org.openqa.selenium.TimeoutException" message="java.util.concurrent.TimeoutException
Build info: version: &amp;apos;4.23.0&amp;apos;, revision: &amp;apos;4df0a231af&amp;apos;
System info: os.name: &amp;apos;Windows 11&amp;apos;, os.arch: &amp;apos;amd64&amp;apos;, os.version: &amp;apos;10.0&amp;apos;, java.version: &amp;apos;21.0.3&amp;apos;
Driver info: org.openqa.selenium.ie.InternetExplorerDriver
Command: [2d48b067-6d79-4b91-8fa9-899c54641ace, get {url=https://test-franchise.footprintseducation.in/online_form}]
Capabilities {acceptInsecureCerts: false, browserName: internet explorer, browserVersion: 11, pageLoadStrategy: normal, platformName: windows, proxy: Proxy(), se:ieOptions: {browserAttachTimeout: 0, elementScrollBehavior: 0, enablePersistentHover: true, ie.browserCommandLineSwitches: , ie.edgechromium: false, ie.edgepath: , ie.ensureCleanSession: false, ie.fileUploadDialogTimeout: 3000, ie.forceCreateProcessApi: false, ie.ignoreprocessmatch: false, ignoreProtectedModeSettings: false, ignoreZoomSetting: true, initialBrowserUrl: http://localhost:7034/, nativeEvents: true, requireWindowFocus: false}, setWindowRect: true, strictFileInteractability: false, timeouts: {implicit: 0, pageLoad: 300000, script: 30000}, unhandledPromptBehavior: dismiss and notify}
Session ID: 2d48b067-6d79-4b91-8fa9-899c54641ace">
      <![CDATA[org.openqa.selenium.TimeoutException: java.util.concurrent.TimeoutException
Build info: version: '4.23.0', revision: '4df0a231af'
System info: os.name: 'Windows 11', os.arch: 'amd64', os.version: '10.0', java.version: '21.0.3'
Driver info: org.openqa.selenium.ie.InternetExplorerDriver
Command: [2d48b067-6d79-4b91-8fa9-899c54641ace, get {url=https://test-franchise.footprintseducation.in/online_form}]
Capabilities {acceptInsecureCerts: false, browserName: internet explorer, browserVersion: 11, pageLoadStrategy: normal, platformName: windows, proxy: Proxy(), se:ieOptions: {browserAttachTimeout: 0, elementScrollBehavior: 0, enablePersistentHover: true, ie.browserCommandLineSwitches: , ie.edgechromium: false, ie.edgepath: , ie.ensureCleanSession: false, ie.fileUploadDialogTimeout: 3000, ie.forceCreateProcessApi: false, ie.ignoreprocessmatch: false, ignoreProtectedModeSettings: false, ignoreZoomSetting: true, initialBrowserUrl: http://localhost:7034/, nativeEvents: true, requireWindowFocus: false}, setWindowRect: true, strictFileInteractability: false, timeouts: {implicit: 0, pageLoad: 300000, script: 30000}, unhandledPromptBehavior: dismiss and notify}
Session ID: 2d48b067-6d79-4b91-8fa9-899c54641ace
at org.openqa.selenium.remote.http.jdk.JdkHttpClient.execute0(JdkHttpClient.java:399)
at org.openqa.selenium.remote.http.AddSeleniumUserAgent.lambda$apply$0(AddSeleniumUserAgent.java:42)
at org.openqa.selenium.remote.http.Filter.lambda$andFinally$1(Filter.java:55)
at org.openqa.selenium.remote.http.jdk.JdkHttpClient.execute(JdkHttpClient.java:355)
at org.openqa.selenium.remote.HttpCommandExecutor.execute(HttpCommandExecutor.java:187)
at org.openqa.selenium.remote.service.DriverCommandExecutor.invokeExecute(DriverCommandExecutor.java:216)
at org.openqa.selenium.remote.service.DriverCommandExecutor.execute(DriverCommandExecutor.java:174)
at org.openqa.selenium.remote.RemoteWebDriver.execute(RemoteWebDriver.java:527)
at org.openqa.selenium.remote.RemoteWebDriver.get(RemoteWebDriver.java:302)
at generics.BaseTest.openApplication(BaseTest.java:46)
at java.base/java.util.ArrayList.forEach(ArrayList.java:1596)
at java.base/java.util.concurrent.FutureTask.run(FutureTask.java:317)
at java.base/java.util.concurrent.ThreadPoolExecutor.runWorker(ThreadPoolExecutor.java:1144)
at java.base/java.util.concurrent.ThreadPoolExecutor$Worker.run(ThreadPoolExecutor.java:642)
at java.base/java.lang.Thread.run(Thread.java:1583)
Caused by: java.util.concurrent.TimeoutException
at java.base/java.util.concurrent.CompletableFuture.timedGet(CompletableFuture.java:1960)
at java.base/java.util.concurrent.CompletableFuture.get(CompletableFuture.java:2095)
at org.openqa.selenium.remote.http.jdk.JdkHttpClient.execute0(JdkHttpClient.java:382)
... 34 more
... Removed 20 stack frames]]>
    </failure>
  </testcase> <!-- @BeforeMethod openApplication -->
  <testcase classname="generics.BaseTest" name="@AfterMethod handleTestResult" time="-1.724929634753E9">
    <skipped/>
  </testcase> <!-- @AfterMethod handleTestResult -->
  <testcase classname="admission_onlineFormTestScripts.Admission_FormTestScripts" name="@BeforeMethod OpenAdmisisonForm_Page" time="-1.72492963476E9">
    <skipped/>
  </testcase> <!-- @BeforeMethod OpenAdmisisonForm_Page -->
  <testcase classname="generics.BaseTest" name="@BeforeMethod openApplication" time="-1.724929634761E9">
    <skipped/>
  </testcase> <!-- @BeforeMethod openApplication -->
  <testcase classname="generics.BaseTest" name="@AfterMethod handleTestResult" time="-1.724929634765E9">
    <skipped/>
  </testcase> <!-- @AfterMethod handleTestResult -->
  <testcase classname="admission_onlineFormTestScripts.Admission_FormTestScripts" name="@BeforeMethod OpenAdmisisonForm_Page" time="-1.724929634768E9">
    <skipped/>
  </testcase> <!-- @BeforeMethod OpenAdmisisonForm_Page -->
  <testcase classname="generics.BaseTest" name="@BeforeMethod openApplication" time="-1.724929634768E9">
    <skipped/>
  </testcase> <!-- @BeforeMethod openApplication -->
  <testcase classname="generics.BaseTest" name="@AfterMethod handleTestResult" time="-1.724929634771E9">
    <skipped/>
  </testcase> <!-- @AfterMethod handleTestResult -->
  <testcase classname="admission_onlineFormTestScripts.Admission_FormTestScripts" name="@BeforeMethod OpenAdmisisonForm_Page" time="-1.724929634775E9">
    <skipped/>
  </testcase> <!-- @BeforeMethod OpenAdmisisonForm_Page -->
  <testcase classname="generics.BaseTest" name="@BeforeMethod openApplication" time="-1.724929634775E9">
    <skipped/>
  </testcase> <!-- @BeforeMethod openApplication -->
  <testcase classname="generics.BaseTest" name="@AfterMethod handleTestResult" time="-1.724929634776E9">
    <skipped/>
  </testcase> <!-- @AfterMethod handleTestResult -->
  <testcase classname="admission_onlineFormTestScripts.Admission_FormTestScripts" name="@BeforeMethod OpenAdmisisonForm_Page" time="-1.724929634777E9">
    <skipped/>
  </testcase> <!-- @BeforeMethod OpenAdmisisonForm_Page -->
  <testcase classname="generics.BaseTest" name="@BeforeMethod openApplication" time="-1.724929634777E9">
    <skipped/>
  </testcase> <!-- @BeforeMethod openApplication -->
  <testcase classname="generics.BaseTest" name="@AfterMethod handleTestResult" time="-1.724929634779E9">
    <skipped/>
  </testcase> <!-- @AfterMethod handleTestResult -->
  <testcase classname="admission_onlineFormTestScripts.Admission_FormTestScripts" name="@BeforeMethod OpenAdmisisonForm_Page" time="-1.72492963478E9">
    <skipped/>
  </testcase> <!-- @BeforeMethod OpenAdmisisonForm_Page -->
  <testcase classname="generics.BaseTest" name="@BeforeMethod openApplication" time="-1.72492963478E9">
    <skipped/>
  </testcase> <!-- @BeforeMethod openApplication -->
  <testcase classname="generics.BaseTest" name="@AfterMethod handleTestResult" time="-1.724929634781E9">
    <skipped/>
  </testcase> <!-- @AfterMethod handleTestResult -->
  <testcase classname="admission_onlineFormTestScripts.Admission_FormTestScripts" name="@BeforeMethod OpenAdmisisonForm_Page" time="-1.724929634781E9">
    <skipped/>
  </testcase> <!-- @BeforeMethod OpenAdmisisonForm_Page -->
  <testcase classname="generics.BaseTest" name="@BeforeMethod openApplication" time="-1.724929634781E9">
    <skipped/>
  </testcase> <!-- @BeforeMethod openApplication -->
  <testcase classname="generics.BaseTest" name="@AfterMethod handleTestResult" time="-1.724929634782E9">
    <skipped/>
  </testcase> <!-- @AfterMethod handleTestResult -->
  <testcase classname="admission_onlineFormTestScripts.Admission_FormTestScripts" name="@BeforeMethod OpenAdmisisonForm_Page" time="-1.724929634782E9">
    <skipped/>
  </testcase> <!-- @BeforeMethod OpenAdmisisonForm_Page -->
  <testcase classname="generics.BaseTest" name="@BeforeMethod openApplication" time="-1.724929634783E9">
    <skipped/>
  </testcase> <!-- @BeforeMethod openApplication -->
  <testcase classname="generics.BaseTest" name="@AfterMethod handleTestResult" time="-1.724929634783E9">
    <skipped/>
  </testcase> <!-- @AfterMethod handleTestResult -->
  <testcase classname="admission_onlineFormTestScripts.Admission_FormTestScripts" name="@BeforeMethod OpenAdmisisonForm_Page" time="-1.724929634784E9">
    <skipped/>
  </testcase> <!-- @BeforeMethod OpenAdmisisonForm_Page -->
  <testcase classname="generics.BaseTest" name="@BeforeMethod openApplication" time="-1.724929634784E9">
    <skipped/>
  </testcase> <!-- @BeforeMethod openApplication -->
  <testcase classname="generics.BaseTest" name="@AfterMethod handleTestResult" time="-1.724929634785E9">
    <skipped/>
  </testcase> <!-- @AfterMethod handleTestResult -->
  <testcase classname="admission_onlineFormTestScripts.Admission_FormTestScripts" name="@BeforeMethod OpenAdmisisonForm_Page" time="-1.724929634785E9">
    <skipped/>
  </testcase> <!-- @BeforeMethod OpenAdmisisonForm_Page -->
  <testcase classname="generics.BaseTest" name="@BeforeMethod openApplication" time="-1.724929634785E9">
    <skipped/>
  </testcase> <!-- @BeforeMethod openApplication -->
  <testcase classname="generics.BaseTest" name="@AfterMethod handleTestResult" time="-1.724929634786E9">
    <skipped/>
  </testcase> <!-- @AfterMethod handleTestResult -->
  <testcase classname="admission_onlineFormTestScripts.Admission_FormTestScripts" name="@BeforeMethod OpenAdmisisonForm_Page" time="-1.724929634786E9">
    <skipped/>
  </testcase> <!-- @BeforeMethod OpenAdmisisonForm_Page -->
  <testcase classname="generics.BaseTest" name="@BeforeMethod openApplication" time="-1.724929634787E9">
    <skipped/>
  </testcase> <!-- @BeforeMethod openApplication -->
  <testcase classname="generics.BaseTest" name="@AfterMethod handleTestResult" time="-1.724929634787E9">
    <skipped/>
  </testcase> <!-- @AfterMethod handleTestResult -->
  <testcase classname="admission_onlineFormTestScripts.Admission_FormTestScripts" name="@BeforeMethod OpenAdmisisonForm_Page" time="-1.724929634788E9">
    <skipped/>
  </testcase> <!-- @BeforeMethod OpenAdmisisonForm_Page -->
  <testcase classname="generics.BaseTest" name="@BeforeMethod openApplication" time="-1.724929634788E9">
    <skipped/>
  </testcase> <!-- @BeforeMethod openApplication -->
  <testcase classname="generics.BaseTest" name="@AfterMethod handleTestResult" time="-1.724929634788E9">
    <skipped/>
  </testcase> <!-- @AfterMethod handleTestResult -->
  <testcase classname="admission_onlineFormTestScripts.Admission_FormTestScripts" name="@BeforeMethod OpenAdmisisonForm_Page" time="-1.724929634789E9">
    <skipped/>
  </testcase> <!-- @BeforeMethod OpenAdmisisonForm_Page -->
  <testcase classname="generics.BaseTest" name="@BeforeMethod openApplication" time="-1.724929634789E9">
    <skipped/>
  </testcase> <!-- @BeforeMethod openApplication -->
  <testcase classname="generics.BaseTest" name="@AfterMethod handleTestResult" time="-1.72492963479E9">
    <skipped/>
  </testcase> <!-- @AfterMethod handleTestResult -->
  <testcase classname="admission_onlineFormTestScripts.Admission_FormTestScripts" name="@BeforeMethod OpenAdmisisonForm_Page" time="-1.724929634791E9">
    <skipped/>
  </testcase> <!-- @BeforeMethod OpenAdmisisonForm_Page -->
  <testcase classname="generics.BaseTest" name="@BeforeMethod openApplication" time="-1.724929634791E9">
    <skipped/>
  </testcase> <!-- @BeforeMethod openApplication -->
  <testcase classname="generics.BaseTest" name="@AfterMethod handleTestResult" time="-1.724929634792E9">
    <skipped/>
  </testcase> <!-- @AfterMethod handleTestResult -->
  <testcase classname="admission_onlineFormTestScripts.Admission_FormTestScripts" name="@BeforeMethod OpenAdmisisonForm_Page" time="-1.724929634792E9">
    <skipped/>
  </testcase> <!-- @BeforeMethod OpenAdmisisonForm_Page -->
  <testcase classname="generics.BaseTest" name="@BeforeMethod openApplication" time="-1.724929634792E9">
    <skipped/>
  </testcase> <!-- @BeforeMethod openApplication -->
  <testcase classname="generics.BaseTest" name="@AfterMethod handleTestResult" time="-1.724929634793E9">
    <skipped/>
  </testcase> <!-- @AfterMethod handleTestResult -->
  <testcase classname="admission_onlineFormTestScripts.Admission_FormTestScripts" name="@BeforeMethod OpenAdmisisonForm_Page" time="-1.724929634793E9">
    <skipped/>
  </testcase> <!-- @BeforeMethod OpenAdmisisonForm_Page -->
  <testcase classname="generics.BaseTest" name="@BeforeMethod openApplication" time="-1.724929634793E9">
    <skipped/>
  </testcase> <!-- @BeforeMethod openApplication -->
  <testcase classname="generics.BaseTest" name="@AfterMethod handleTestResult" time="-1.724929634794E9">
    <skipped/>
  </testcase> <!-- @AfterMethod handleTestResult -->
  <testcase classname="admission_onlineFormTestScripts.Admission_FormTestScripts" name="@BeforeMethod OpenAdmisisonForm_Page" time="-1.724929634795E9">
    <skipped/>
  </testcase> <!-- @BeforeMethod OpenAdmisisonForm_Page -->
  <testcase classname="generics.BaseTest" name="@BeforeMethod openApplication" time="-1.724929634795E9">
    <skipped/>
  </testcase> <!-- @BeforeMethod openApplication -->
  <testcase classname="generics.BaseTest" name="@AfterMethod handleTestResult" time="-1.724929634796E9">
    <skipped/>
  </testcase> <!-- @AfterMethod handleTestResult -->
  <testcase classname="admission_onlineFormTestScripts.Admission_FormTestScripts" name="@BeforeMethod OpenAdmisisonForm_Page" time="-1.724929634796E9">
    <skipped/>
  </testcase> <!-- @BeforeMethod OpenAdmisisonForm_Page -->
  <testcase classname="generics.BaseTest" name="@BeforeMethod openApplication" time="-1.724929634797E9">
    <skipped/>
  </testcase> <!-- @BeforeMethod openApplication -->
  <testcase classname="generics.BaseTest" name="@AfterMethod handleTestResult" time="-1.724929634797E9">
    <skipped/>
  </testcase> <!-- @AfterMethod handleTestResult -->
  <testcase classname="admission_onlineFormTestScripts.Admission_FormTestScripts" name="@BeforeMethod OpenAdmisisonForm_Page" time="-1.724929634798E9">
    <skipped/>
  </testcase> <!-- @BeforeMethod OpenAdmisisonForm_Page -->
  <testcase classname="generics.BaseTest" name="@BeforeMethod openApplication" time="-1.724929634798E9">
    <skipped/>
  </testcase> <!-- @BeforeMethod openApplication -->
  <testcase classname="generics.BaseTest" name="@AfterMethod handleTestResult" time="-1.724929634798E9">
    <skipped/>
  </testcase> <!-- @AfterMethod handleTestResult -->
  <testcase classname="admission_onlineFormTestScripts.Admission_FormTestScripts" name="@BeforeMethod OpenAdmisisonForm_Page" time="-1.724929634799E9">
    <skipped/>
  </testcase> <!-- @BeforeMethod OpenAdmisisonForm_Page -->
  <testcase classname="generics.BaseTest" name="@BeforeMethod openApplication" time="-1.724929634799E9">
    <skipped/>
  </testcase> <!-- @BeforeMethod openApplication -->
  <testcase classname="generics.BaseTest" name="@AfterMethod handleTestResult" time="-1.7249296348E9">
    <skipped/>
  </testcase> <!-- @AfterMethod handleTestResult -->
  <testcase classname="admission_onlineFormTestScripts.Admission_FormTestScripts" name="@BeforeMethod OpenAdmisisonForm_Page" time="-1.7249296348E9">
    <skipped/>
  </testcase> <!-- @BeforeMethod OpenAdmisisonForm_Page -->
  <testcase classname="generics.BaseTest" name="@BeforeMethod openApplication" time="-1.7249296348E9">
    <skipped/>
  </testcase> <!-- @BeforeMethod openApplication -->
  <testcase classname="generics.BaseTest" name="@AfterMethod handleTestResult" time="-1.724929634801E9">
    <skipped/>
  </testcase> <!-- @AfterMethod handleTestResult -->
  <testcase classname="admission_onlineFormTestScripts.Admission_FormTestScripts" name="@BeforeMethod OpenAdmisisonForm_Page" time="-1.724929634801E9">
    <skipped/>
  </testcase> <!-- @BeforeMethod OpenAdmisisonForm_Page -->
  <testcase classname="generics.BaseTest" name="@BeforeMethod openApplication" time="-1.724929634801E9">
    <skipped/>
  </testcase> <!-- @BeforeMethod openApplication -->
  <testcase classname="generics.BaseTest" name="@AfterMethod handleTestResult" time="-1.724929634802E9">
    <skipped/>
  </testcase> <!-- @AfterMethod handleTestResult -->
  <testcase classname="generics.BaseTest" name="@AfterClass closeBrowser" time="-1.724929634802E9">
    <skipped/>
  </testcase> <!-- @AfterClass closeBrowser -->
  <testcase classname="admission_onlineFormTestScripts.Admission_FormTestScripts" name="Child_photoFormat_SC_002_TC_004" time="0.0">
    <skipped/>
  </testcase> <!-- Child_photoFormat_SC_002_TC_004 -->
  <testcase classname="admission_onlineFormTestScripts.Admission_FormTestScripts" name="discountType_singleParentApplied_SC_002_TC_009" time="0.0">
    <skipped/>
  </testcase> <!-- discountType_singleParentApplied_SC_002_TC_009 -->
  <testcase classname="admission_onlineFormTestScripts.Admission_FormTestScripts" name="AdmisionViaCenterSelection_SC_001_TC_003" time="0.0">
    <skipped/>
  </testcase> <!-- AdmisionViaCenterSelection_SC_001_TC_003 -->
  <testcase classname="admission_onlineFormTestScripts.Admission_FormTestScripts" name="AdmisionViaAdmissionID_SC_001_TC_004" time="0.0">
    <skipped/>
  </testcase> <!-- AdmisionViaAdmissionID_SC_001_TC_004 -->
  <testcase classname="admission_onlineFormTestScripts.Admission_FormTestScripts" name="MandatoryFields_Validations_SC_001_TC_005" time="0.0">
    <skipped/>
  </testcase> <!-- MandatoryFields_Validations_SC_001_TC_005 -->
  <testcase classname="admission_onlineFormTestScripts.Admission_FormTestScripts" name="AdmissionStep1_success_SC_002_TC_002" time="0.0">
    <skipped/>
  </testcase> <!-- AdmissionStep1_success_SC_002_TC_002 -->
  <testcase classname="admission_onlineFormTestScripts.Admission_FormTestScripts" name="AdmissionStep1_MandatoryFieldsValidations_SC_002_TC_003" time="0.0">
    <skipped/>
  </testcase> <!-- AdmissionStep1_MandatoryFieldsValidations_SC_002_TC_003 -->
  <testcase classname="admission_onlineFormTestScripts.Admission_FormTestScripts" name="Child_photoSize1MB_SC_002_TC_004" time="0.0">
    <skipped/>
  </testcase> <!-- Child_photoSize1MB_SC_002_TC_004 -->
  <testcase classname="admission_onlineFormTestScripts.Admission_FormTestScripts" name="Child_photoMultiplesFaces_SC_002_TC_004" time="0.0">
    <skipped/>
  </testcase> <!-- Child_photoMultiplesFaces_SC_002_TC_004 -->
  <testcase classname="admission_onlineFormTestScripts.Admission_FormTestScripts" name="father_photoSize1MB_SC_002_TC_004" time="0.0">
    <skipped/>
  </testcase> <!-- father_photoSize1MB_SC_002_TC_004 -->
  <testcase classname="admission_onlineFormTestScripts.Admission_FormTestScripts" name="discountType_siblingApplied_SC_002_TC_008" time="0.0">
    <skipped/>
  </testcase> <!-- discountType_siblingApplied_SC_002_TC_008 -->
  <testcase classname="admission_onlineFormTestScripts.Admission_FormTestScripts" name="discountType_staffApplied_SC_002_TC_010" time="0.0">
    <skipped/>
  </testcase> <!-- discountType_staffApplied_SC_002_TC_010 -->
  <testcase classname="admission_onlineFormTestScripts.Admission_FormTestScripts" name="FatherMotherSection_Validations_SC_002_TC_012" time="0.0">
    <skipped/>
  </testcase> <!-- FatherMotherSection_Validations_SC_002_TC_012 -->
  <testcase classname="admission_onlineFormTestScripts.Admission_FormTestScripts" name="CheckBox_IFNotWorking_Validations_SC_002_TC_013" time="0.0">
    <skipped/>
  </testcase> <!-- CheckBox_IFNotWorking_Validations_SC_002_TC_013 -->
  <testcase classname="admission_onlineFormTestScripts.Admission_FormTestScripts" name="BackBtnFunctionality_SC_002_TC_014" time="0.0">
    <skipped/>
  </testcase> <!-- BackBtnFunctionality_SC_002_TC_014 -->
  <testcase classname="admission_onlineFormTestScripts.Admission_FormTestScripts" name="DuplicateChild_SC_002_TC_015" time="0.0">
    <skipped/>
  </testcase> <!-- DuplicateChild_SC_002_TC_015 -->
  <testcase classname="admission_onlineFormTestScripts.Admission_FormTestScripts" name="ShortTermPlan_SC_003_TC_004" time="0.0">
    <skipped/>
  </testcase> <!-- ShortTermPlan_SC_003_TC_004 -->
  <testcase classname="admission_onlineFormTestScripts.Admission_FormTestScripts" name="LongTermPlan_SC_003_TC_005" time="0.0">
    <skipped/>
  </testcase> <!-- LongTermPlan_SC_003_TC_005 -->
  <testcase classname="admission_onlineFormTestScripts.Admission_FormTestScripts" name="generatefullInvoice_longTermPlan_SC_003_TC_006" time="0.0">
    <skipped/>
  </testcase> <!-- generatefullInvoice_longTermPlan_SC_003_TC_006 -->
  <testcase classname="admission_onlineFormTestScripts.Admission_FormTestScripts" name="generatefullInvoice_shortTermPlanSC_003_TC_006" time="0.0">
    <skipped/>
  </testcase> <!-- generatefullInvoice_shortTermPlanSC_003_TC_006 -->
  <testcase classname="admission_onlineFormTestScripts.Admission_FormTestScripts" name="back_functionality_Step2_SC_003_TC_006" time="0.0">
    <skipped/>
  </testcase> <!-- back_functionality_Step2_SC_003_TC_006 -->
  <testcase classname="admission_onlineFormTestScripts.Admission_FormTestScripts" name="Amdission_summary_PaymentJSON_Step2_SC_003_TC_006" time="0.0">
    <skipped/>
  </testcase> <!-- Amdission_summary_PaymentJSON_Step2_SC_003_TC_006 -->
  <testcase classname="admission_onlineFormTestScripts.Admission_FormTestScripts" name="mother_photoMultiplesFaces_SC_002_TC_004" time="0.0">
    <ignored/>
  </testcase> <!-- mother_photoMultiplesFaces_SC_002_TC_004 -->
  <testcase classname="admission_onlineFormTestScripts.Admission_FormTestScripts" name="mother_photoFormat_SC_002_TC_004" time="0.0">
    <ignored/>
  </testcase> <!-- mother_photoFormat_SC_002_TC_004 -->
  <testcase classname="admission_onlineFormTestScripts.Admission_FormTestScripts" name="discountListValidation_SC_002_TC_007" time="0.0">
    <ignored/>
  </testcase> <!-- discountListValidation_SC_002_TC_007 -->
  <testcase classname="admission_onlineFormTestScripts.Admission_FormTestScripts" name="ValidationsAdmissionID_SC_001_TC_006" time="0.0">
    <ignored/>
  </testcase> <!-- ValidationsAdmissionID_SC_001_TC_006 -->
  <testcase classname="admission_onlineFormTestScripts.Admission_FormTestScripts" name="father_photoFormat_SC_002_TC_004" time="0.0">
    <ignored/>
  </testcase> <!-- father_photoFormat_SC_002_TC_004 -->
  <testcase classname="admission_onlineFormTestScripts.Admission_FormTestScripts" name="mother_photoSize1MB_SC_002_TC_004" time="0.0">
    <ignored/>
  </testcase> <!-- mother_photoSize1MB_SC_002_TC_004 -->
  <testcase classname="admission_onlineFormTestScripts.Admission_FormTestScripts" name="father_photoMultiplesFaces_SC_002_TC_004" time="0.0">
    <ignored/>
  </testcase> <!-- father_photoMultiplesFaces_SC_002_TC_004 -->
  <testcase classname="admission_onlineFormTestScripts.Admission_FormTestScripts" name="programListValidation_SC_002_TC_006" time="0.0">
    <ignored/>
  </testcase> <!-- programListValidation_SC_002_TC_006 -->
</testsuite> <!-- TestIE -->
