<?xml version="1.0" encoding="UTF-8"?>
<!-- Generated by org.testng.reporters.JUnitXMLReporter -->
<testsuite ignored="8" hostname="FPE-LAP-254" failures="0" tests="22" name="TestChrome" time="187.388" errors="0" timestamp="2024-08-29T16:37:19 IST">
  <testcase classname="generics.BaseTest" name="@BeforeClass openBrowser" time="1.935">
    <failure type="org.openqa.selenium.SessionNotCreatedException" message="Could not start a new session. Response code 500. Message: Expected browser binary location, but unable to find binary in default location, no &amp;apos;moz:firefoxOptions.binary&amp;apos; capability provided, and no binary flag set on the command line 
Host info: host: &amp;apos;FPE-LAP-254&amp;apos;, ip: &amp;apos;192.168.1.17&amp;apos;
Build info: version: &amp;apos;4.23.0&amp;apos;, revision: &amp;apos;4df0a231af&amp;apos;
System info: os.name: &amp;apos;Windows 11&amp;apos;, os.arch: &amp;apos;amd64&amp;apos;, os.version: &amp;apos;10.0&amp;apos;, java.version: &amp;apos;21.0.3&amp;apos;
Driver info: org.openqa.selenium.firefox.FirefoxDriver
Command: [null, newSession {capabilities=[Capabilities {acceptInsecureCerts: true, browserName: firefox, moz:debuggerAddress: true, moz:firefoxOptions: {prefs: {remote.active-protocols: 3}}}]}]">
      <![CDATA[org.openqa.selenium.SessionNotCreatedException: Could not start a new session. Response code 500. Message: Expected browser binary location, but unable to find binary in default location, no 'moz:firefoxOptions.binary' capability provided, and no binary flag set on the command line 
Host info: host: 'FPE-LAP-254', ip: '192.168.1.17'
Build info: version: '4.23.0', revision: '4df0a231af'
System info: os.name: 'Windows 11', os.arch: 'amd64', os.version: '10.0', java.version: '21.0.3'
Driver info: org.openqa.selenium.firefox.FirefoxDriver
Command: [null, newSession {capabilities=[Capabilities {acceptInsecureCerts: true, browserName: firefox, moz:debuggerAddress: true, moz:firefoxOptions: {prefs: {remote.active-protocols: 3}}}]}]
at org.openqa.selenium.remote.ProtocolHandshake.createSession(ProtocolHandshake.java:114)
at org.openqa.selenium.remote.ProtocolHandshake.createSession(ProtocolHandshake.java:75)
at org.openqa.selenium.remote.ProtocolHandshake.createSession(ProtocolHandshake.java:61)
at org.openqa.selenium.remote.HttpCommandExecutor.execute(HttpCommandExecutor.java:162)
at org.openqa.selenium.remote.service.DriverCommandExecutor.invokeExecute(DriverCommandExecutor.java:216)
at org.openqa.selenium.remote.service.DriverCommandExecutor.execute(DriverCommandExecutor.java:174)
at org.openqa.selenium.remote.RemoteWebDriver.execute(RemoteWebDriver.java:527)
at org.openqa.selenium.remote.RemoteWebDriver.startSession(RemoteWebDriver.java:234)
at org.openqa.selenium.remote.RemoteWebDriver.<init>(RemoteWebDriver.java:163)
at org.openqa.selenium.firefox.FirefoxDriver.<init>(FirefoxDriver.java:155)
at org.openqa.selenium.firefox.FirefoxDriver.<init>(FirefoxDriver.java:150)
at org.openqa.selenium.firefox.FirefoxDriver.<init>(FirefoxDriver.java:132)
at org.openqa.selenium.firefox.FirefoxDriver.<init>(FirefoxDriver.java:127)
at org.openqa.selenium.firefox.FirefoxDriver.<init>(FirefoxDriver.java:112)
at org.openqa.selenium.firefox.FirefoxDriver.<init>(FirefoxDriver.java:102)
at generics.BaseTest.openBrowser(BaseTest.java:32)
at java.base/java.util.ArrayList.forEach(ArrayList.java:1596)
at java.base/java.util.concurrent.FutureTask.run(FutureTask.java:317)
at java.base/java.util.concurrent.ThreadPoolExecutor.runWorker(ThreadPoolExecutor.java:1144)
at java.base/java.util.concurrent.ThreadPoolExecutor$Worker.run(ThreadPoolExecutor.java:642)
at java.base/java.lang.Thread.run(Thread.java:1583)
... Removed 14 stack frames]]>
    </failure>
  </testcase> <!-- @BeforeClass openBrowser -->
  <testcase classname="admission_onlineFormTestScripts.Admission_FormTestScripts" name="@BeforeMethod OpenAdmisisonForm_Page" time="-1.724929453804E9">
    <skipped/>
  </testcase> <!-- @BeforeMethod OpenAdmisisonForm_Page -->
  <testcase classname="generics.BaseTest" name="@BeforeMethod openApplication" time="-1.724929453805E9">
    <skipped/>
  </testcase> <!-- @BeforeMethod openApplication -->
  <testcase classname="generics.BaseTest" name="@AfterMethod handleTestResult" time="-1.72492945381E9">
    <skipped/>
  </testcase> <!-- @AfterMethod handleTestResult -->
  <testcase classname="admission_onlineFormTestScripts.Admission_FormTestScripts" name="@BeforeMethod OpenAdmisisonForm_Page" time="-1.724929453813E9">
    <skipped/>
  </testcase> <!-- @BeforeMethod OpenAdmisisonForm_Page -->
  <testcase classname="generics.BaseTest" name="@BeforeMethod openApplication" time="-1.724929453814E9">
    <skipped/>
  </testcase> <!-- @BeforeMethod openApplication -->
  <testcase classname="generics.BaseTest" name="@AfterMethod handleTestResult" time="-1.724929453818E9">
    <skipped/>
  </testcase> <!-- @AfterMethod handleTestResult -->
  <testcase classname="admission_onlineFormTestScripts.Admission_FormTestScripts" name="@BeforeMethod OpenAdmisisonForm_Page" time="-1.724929453819E9">
    <skipped/>
  </testcase> <!-- @BeforeMethod OpenAdmisisonForm_Page -->
  <testcase classname="generics.BaseTest" name="@BeforeMethod openApplication" time="-1.724929453821E9">
    <skipped/>
  </testcase> <!-- @BeforeMethod openApplication -->
  <testcase classname="generics.BaseTest" name="@AfterMethod handleTestResult" time="-1.724929453823E9">
    <skipped/>
  </testcase> <!-- @AfterMethod handleTestResult -->
  <testcase classname="admission_onlineFormTestScripts.Admission_FormTestScripts" name="@BeforeMethod OpenAdmisisonForm_Page" time="-1.724929453824E9">
    <skipped/>
  </testcase> <!-- @BeforeMethod OpenAdmisisonForm_Page -->
  <testcase classname="generics.BaseTest" name="@BeforeMethod openApplication" time="-1.724929453824E9">
    <skipped/>
  </testcase> <!-- @BeforeMethod openApplication -->
  <testcase classname="generics.BaseTest" name="@AfterMethod handleTestResult" time="-1.724929453826E9">
    <skipped/>
  </testcase> <!-- @AfterMethod handleTestResult -->
  <testcase classname="admission_onlineFormTestScripts.Admission_FormTestScripts" name="@BeforeMethod OpenAdmisisonForm_Page" time="-1.724929453827E9">
    <skipped/>
  </testcase> <!-- @BeforeMethod OpenAdmisisonForm_Page -->
  <testcase classname="generics.BaseTest" name="@BeforeMethod openApplication" time="-1.724929453827E9">
    <skipped/>
  </testcase> <!-- @BeforeMethod openApplication -->
  <testcase classname="generics.BaseTest" name="@AfterMethod handleTestResult" time="-1.724929453828E9">
    <skipped/>
  </testcase> <!-- @AfterMethod handleTestResult -->
  <testcase classname="admission_onlineFormTestScripts.Admission_FormTestScripts" name="@BeforeMethod OpenAdmisisonForm_Page" time="-1.724929453829E9">
    <skipped/>
  </testcase> <!-- @BeforeMethod OpenAdmisisonForm_Page -->
  <testcase classname="generics.BaseTest" name="@BeforeMethod openApplication" time="-1.724929453831E9">
    <skipped/>
  </testcase> <!-- @BeforeMethod openApplication -->
  <testcase classname="generics.BaseTest" name="@AfterMethod handleTestResult" time="-1.724929453836E9">
    <skipped/>
  </testcase> <!-- @AfterMethod handleTestResult -->
  <testcase classname="admission_onlineFormTestScripts.Admission_FormTestScripts" name="@BeforeMethod OpenAdmisisonForm_Page" time="-1.724929453838E9">
    <skipped/>
  </testcase> <!-- @BeforeMethod OpenAdmisisonForm_Page -->
  <testcase classname="generics.BaseTest" name="@BeforeMethod openApplication" time="-1.724929453839E9">
    <skipped/>
  </testcase> <!-- @BeforeMethod openApplication -->
  <testcase classname="generics.BaseTest" name="@AfterMethod handleTestResult" time="-1.724929453844E9">
    <skipped/>
  </testcase> <!-- @AfterMethod handleTestResult -->
  <testcase classname="admission_onlineFormTestScripts.Admission_FormTestScripts" name="@BeforeMethod OpenAdmisisonForm_Page" time="-1.724929453846E9">
    <skipped/>
  </testcase> <!-- @BeforeMethod OpenAdmisisonForm_Page -->
  <testcase classname="generics.BaseTest" name="@BeforeMethod openApplication" time="-1.724929453847E9">
    <skipped/>
  </testcase> <!-- @BeforeMethod openApplication -->
  <testcase classname="generics.BaseTest" name="@AfterMethod handleTestResult" time="-1.724929453851E9">
    <skipped/>
  </testcase> <!-- @AfterMethod handleTestResult -->
  <testcase classname="admission_onlineFormTestScripts.Admission_FormTestScripts" name="@BeforeMethod OpenAdmisisonForm_Page" time="-1.724929453852E9">
    <skipped/>
  </testcase> <!-- @BeforeMethod OpenAdmisisonForm_Page -->
  <testcase classname="generics.BaseTest" name="@BeforeMethod openApplication" time="-1.724929453853E9">
    <skipped/>
  </testcase> <!-- @BeforeMethod openApplication -->
  <testcase classname="generics.BaseTest" name="@AfterMethod handleTestResult" time="-1.724929453855E9">
    <skipped/>
  </testcase> <!-- @AfterMethod handleTestResult -->
  <testcase classname="admission_onlineFormTestScripts.Admission_FormTestScripts" name="@BeforeMethod OpenAdmisisonForm_Page" time="-1.724929453855E9">
    <skipped/>
  </testcase> <!-- @BeforeMethod OpenAdmisisonForm_Page -->
  <testcase classname="generics.BaseTest" name="@BeforeMethod openApplication" time="-1.724929453856E9">
    <skipped/>
  </testcase> <!-- @BeforeMethod openApplication -->
  <testcase classname="generics.BaseTest" name="@AfterMethod handleTestResult" time="-1.724929453857E9">
    <skipped/>
  </testcase> <!-- @AfterMethod handleTestResult -->
  <testcase classname="admission_onlineFormTestScripts.Admission_FormTestScripts" name="@BeforeMethod OpenAdmisisonForm_Page" time="-1.724929453857E9">
    <skipped/>
  </testcase> <!-- @BeforeMethod OpenAdmisisonForm_Page -->
  <testcase classname="generics.BaseTest" name="@BeforeMethod openApplication" time="-1.724929453858E9">
    <skipped/>
  </testcase> <!-- @BeforeMethod openApplication -->
  <testcase classname="generics.BaseTest" name="@AfterMethod handleTestResult" time="-1.724929453859E9">
    <skipped/>
  </testcase> <!-- @AfterMethod handleTestResult -->
  <testcase classname="admission_onlineFormTestScripts.Admission_FormTestScripts" name="@BeforeMethod OpenAdmisisonForm_Page" time="-1.72492945386E9">
    <skipped/>
  </testcase> <!-- @BeforeMethod OpenAdmisisonForm_Page -->
  <testcase classname="generics.BaseTest" name="@BeforeMethod openApplication" time="-1.72492945386E9">
    <skipped/>
  </testcase> <!-- @BeforeMethod openApplication -->
  <testcase classname="generics.BaseTest" name="@AfterMethod handleTestResult" time="-1.724929453861E9">
    <skipped/>
  </testcase> <!-- @AfterMethod handleTestResult -->
  <testcase classname="admission_onlineFormTestScripts.Admission_FormTestScripts" name="@BeforeMethod OpenAdmisisonForm_Page" time="-1.724929453862E9">
    <skipped/>
  </testcase> <!-- @BeforeMethod OpenAdmisisonForm_Page -->
  <testcase classname="generics.BaseTest" name="@BeforeMethod openApplication" time="-1.724929453863E9">
    <skipped/>
  </testcase> <!-- @BeforeMethod openApplication -->
  <testcase classname="generics.BaseTest" name="@AfterMethod handleTestResult" time="-1.724929453866E9">
    <skipped/>
  </testcase> <!-- @AfterMethod handleTestResult -->
  <testcase classname="admission_onlineFormTestScripts.Admission_FormTestScripts" name="@BeforeMethod OpenAdmisisonForm_Page" time="-1.724929453867E9">
    <skipped/>
  </testcase> <!-- @BeforeMethod OpenAdmisisonForm_Page -->
  <testcase classname="generics.BaseTest" name="@BeforeMethod openApplication" time="-1.724929453867E9">
    <skipped/>
  </testcase> <!-- @BeforeMethod openApplication -->
  <testcase classname="generics.BaseTest" name="@AfterMethod handleTestResult" time="-1.724929453869E9">
    <skipped/>
  </testcase> <!-- @AfterMethod handleTestResult -->
  <testcase classname="admission_onlineFormTestScripts.Admission_FormTestScripts" name="@BeforeMethod OpenAdmisisonForm_Page" time="-1.72492945387E9">
    <skipped/>
  </testcase> <!-- @BeforeMethod OpenAdmisisonForm_Page -->
  <testcase classname="generics.BaseTest" name="@BeforeMethod openApplication" time="-1.72492945387E9">
    <skipped/>
  </testcase> <!-- @BeforeMethod openApplication -->
  <testcase classname="generics.BaseTest" name="@AfterMethod handleTestResult" time="-1.724929453872E9">
    <skipped/>
  </testcase> <!-- @AfterMethod handleTestResult -->
  <testcase classname="admission_onlineFormTestScripts.Admission_FormTestScripts" name="@BeforeMethod OpenAdmisisonForm_Page" time="-1.724929453873E9">
    <skipped/>
  </testcase> <!-- @BeforeMethod OpenAdmisisonForm_Page -->
  <testcase classname="generics.BaseTest" name="@BeforeMethod openApplication" time="-1.724929453874E9">
    <skipped/>
  </testcase> <!-- @BeforeMethod openApplication -->
  <testcase classname="generics.BaseTest" name="@AfterMethod handleTestResult" time="-1.724929453877E9">
    <skipped/>
  </testcase> <!-- @AfterMethod handleTestResult -->
  <testcase classname="admission_onlineFormTestScripts.Admission_FormTestScripts" name="@BeforeMethod OpenAdmisisonForm_Page" time="-1.724929453878E9">
    <skipped/>
  </testcase> <!-- @BeforeMethod OpenAdmisisonForm_Page -->
  <testcase classname="generics.BaseTest" name="@BeforeMethod openApplication" time="-1.724929453878E9">
    <skipped/>
  </testcase> <!-- @BeforeMethod openApplication -->
  <testcase classname="generics.BaseTest" name="@AfterMethod handleTestResult" time="-1.72492945388E9">
    <skipped/>
  </testcase> <!-- @AfterMethod handleTestResult -->
  <testcase classname="admission_onlineFormTestScripts.Admission_FormTestScripts" name="@BeforeMethod OpenAdmisisonForm_Page" time="-1.72492945388E9">
    <skipped/>
  </testcase> <!-- @BeforeMethod OpenAdmisisonForm_Page -->
  <testcase classname="generics.BaseTest" name="@BeforeMethod openApplication" time="-1.724929453881E9">
    <skipped/>
  </testcase> <!-- @BeforeMethod openApplication -->
  <testcase classname="generics.BaseTest" name="@AfterMethod handleTestResult" time="-1.724929453882E9">
    <skipped/>
  </testcase> <!-- @AfterMethod handleTestResult -->
  <testcase classname="admission_onlineFormTestScripts.Admission_FormTestScripts" name="@BeforeMethod OpenAdmisisonForm_Page" time="-1.724929453886E9">
    <skipped/>
  </testcase> <!-- @BeforeMethod OpenAdmisisonForm_Page -->
  <testcase classname="generics.BaseTest" name="@BeforeMethod openApplication" time="-1.724929453887E9">
    <skipped/>
  </testcase> <!-- @BeforeMethod openApplication -->
  <testcase classname="generics.BaseTest" name="@AfterMethod handleTestResult" time="-1.724929453889E9">
    <skipped/>
  </testcase> <!-- @AfterMethod handleTestResult -->
  <testcase classname="admission_onlineFormTestScripts.Admission_FormTestScripts" name="@BeforeMethod OpenAdmisisonForm_Page" time="-1.724929453889E9">
    <skipped/>
  </testcase> <!-- @BeforeMethod OpenAdmisisonForm_Page -->
  <testcase classname="generics.BaseTest" name="@BeforeMethod openApplication" time="-1.72492945389E9">
    <skipped/>
  </testcase> <!-- @BeforeMethod openApplication -->
  <testcase classname="generics.BaseTest" name="@AfterMethod handleTestResult" time="-1.724929453891E9">
    <skipped/>
  </testcase> <!-- @AfterMethod handleTestResult -->
  <testcase classname="admission_onlineFormTestScripts.Admission_FormTestScripts" name="@BeforeMethod OpenAdmisisonForm_Page" time="-1.724929453891E9">
    <skipped/>
  </testcase> <!-- @BeforeMethod OpenAdmisisonForm_Page -->
  <testcase classname="generics.BaseTest" name="@BeforeMethod openApplication" time="-1.724929453892E9">
    <skipped/>
  </testcase> <!-- @BeforeMethod openApplication -->
  <testcase classname="generics.BaseTest" name="@AfterMethod handleTestResult" time="-1.724929453893E9">
    <skipped/>
  </testcase> <!-- @AfterMethod handleTestResult -->
  <testcase classname="admission_onlineFormTestScripts.Admission_FormTestScripts" name="@BeforeMethod OpenAdmisisonForm_Page" time="-1.724929453893E9">
    <skipped/>
  </testcase> <!-- @BeforeMethod OpenAdmisisonForm_Page -->
  <testcase classname="generics.BaseTest" name="@BeforeMethod openApplication" time="-1.724929453894E9">
    <skipped/>
  </testcase> <!-- @BeforeMethod openApplication -->
  <testcase classname="generics.BaseTest" name="@AfterMethod handleTestResult" time="-1.724929453895E9">
    <skipped/>
  </testcase> <!-- @AfterMethod handleTestResult -->
  <testcase classname="generics.BaseTest" name="@AfterClass closeBrowser" time="-1.724929453896E9">
    <skipped/>
  </testcase> <!-- @AfterClass closeBrowser -->
  <testcase classname="admission_onlineFormTestScripts.Admission_FormTestScripts" name="@BeforeMethod OpenAdmisisonForm_Page" time="180.001">
    <failure type="org.openqa.selenium.TimeoutException" message="java.net.http.HttpTimeoutException: request timed out
Build info: version: &amp;apos;4.23.0&amp;apos;, revision: &amp;apos;4df0a231af&amp;apos;
System info: os.name: &amp;apos;Windows 11&amp;apos;, os.arch: &amp;apos;amd64&amp;apos;, os.version: &amp;apos;10.0&amp;apos;, java.version: &amp;apos;21.0.3&amp;apos;
Driver info: org.openqa.selenium.ie.InternetExplorerDriver
Command: [2d48b067-6d79-4b91-8fa9-899c54641ace, getCurrentUrl {}]
Capabilities {acceptInsecureCerts: false, browserName: internet explorer, browserVersion: 11, pageLoadStrategy: normal, platformName: windows, proxy: Proxy(), se:ieOptions: {browserAttachTimeout: 0, elementScrollBehavior: 0, enablePersistentHover: true, ie.browserCommandLineSwitches: , ie.edgechromium: false, ie.edgepath: , ie.ensureCleanSession: false, ie.fileUploadDialogTimeout: 3000, ie.forceCreateProcessApi: false, ie.ignoreprocessmatch: false, ignoreProtectedModeSettings: false, ignoreZoomSetting: true, initialBrowserUrl: http://localhost:7034/, nativeEvents: true, requireWindowFocus: false}, setWindowRect: true, strictFileInteractability: false, timeouts: {implicit: 0, pageLoad: 300000, script: 30000}, unhandledPromptBehavior: dismiss and notify}
Session ID: 2d48b067-6d79-4b91-8fa9-899c54641ace">
      <![CDATA[org.openqa.selenium.TimeoutException: java.net.http.HttpTimeoutException: request timed out
Build info: version: '4.23.0', revision: '4df0a231af'
System info: os.name: 'Windows 11', os.arch: 'amd64', os.version: '10.0', java.version: '21.0.3'
Driver info: org.openqa.selenium.ie.InternetExplorerDriver
Command: [2d48b067-6d79-4b91-8fa9-899c54641ace, getCurrentUrl {}]
Capabilities {acceptInsecureCerts: false, browserName: internet explorer, browserVersion: 11, pageLoadStrategy: normal, platformName: windows, proxy: Proxy(), se:ieOptions: {browserAttachTimeout: 0, elementScrollBehavior: 0, enablePersistentHover: true, ie.browserCommandLineSwitches: , ie.edgechromium: false, ie.edgepath: , ie.ensureCleanSession: false, ie.fileUploadDialogTimeout: 3000, ie.forceCreateProcessApi: false, ie.ignoreprocessmatch: false, ignoreProtectedModeSettings: false, ignoreZoomSetting: true, initialBrowserUrl: http://localhost:7034/, nativeEvents: true, requireWindowFocus: false}, setWindowRect: true, strictFileInteractability: false, timeouts: {implicit: 0, pageLoad: 300000, script: 30000}, unhandledPromptBehavior: dismiss and notify}
Session ID: 2d48b067-6d79-4b91-8fa9-899c54641ace
at org.openqa.selenium.remote.http.jdk.JdkHttpClient.execute0(JdkHttpClient.java:389)
at org.openqa.selenium.remote.http.AddSeleniumUserAgent.lambda$apply$0(AddSeleniumUserAgent.java:42)
at org.openqa.selenium.remote.http.Filter.lambda$andFinally$1(Filter.java:55)
at org.openqa.selenium.remote.http.jdk.JdkHttpClient.execute(JdkHttpClient.java:355)
at org.openqa.selenium.remote.HttpCommandExecutor.execute(HttpCommandExecutor.java:187)
at org.openqa.selenium.remote.service.DriverCommandExecutor.invokeExecute(DriverCommandExecutor.java:216)
at org.openqa.selenium.remote.service.DriverCommandExecutor.execute(DriverCommandExecutor.java:174)
at org.openqa.selenium.remote.RemoteWebDriver.execute(RemoteWebDriver.java:527)
at org.openqa.selenium.remote.RemoteWebDriver.execute(RemoteWebDriver.java:600)
at org.openqa.selenium.remote.RemoteWebDriver.execute(RemoteWebDriver.java:604)
at org.openqa.selenium.remote.RemoteWebDriver.getCurrentUrl(RemoteWebDriver.java:314)
at admission_onlineFormTestScripts.Admission_FormTestScripts.OpenAdmisisonForm_Page(Admission_FormTestScripts.java:16)
at java.base/java.util.ArrayList.forEach(ArrayList.java:1596)
at java.base/java.util.concurrent.FutureTask.run(FutureTask.java:317)
at java.base/java.util.concurrent.ThreadPoolExecutor.runWorker(ThreadPoolExecutor.java:1144)
at java.base/java.util.concurrent.ThreadPoolExecutor$Worker.run(ThreadPoolExecutor.java:642)
at java.base/java.lang.Thread.run(Thread.java:1583)
Caused by: java.net.http.HttpTimeoutException: request timed out
at java.net.http/jdk.internal.net.http.ResponseTimerEvent.handle(ResponseTimerEvent.java:63)
at java.net.http/jdk.internal.net.http.HttpClientImpl.purgeTimeoutsAndReturnNextDeadline(HttpClientImpl.java:1778)
at java.net.http/jdk.internal.net.http.HttpClientImpl$SelectorManager.run(HttpClientImpl.java:1376)
... Removed 20 stack frames]]>
    </failure>
  </testcase> <!-- @BeforeMethod OpenAdmisisonForm_Page -->
  <testcase classname="generics.BaseTest" name="@BeforeMethod openApplication" time="-1.724929639196E9">
    <skipped/>
  </testcase> <!-- @BeforeMethod openApplication -->
  <testcase classname="generics.BaseTest" name="@AfterMethod handleTestResult" time="-1.724929639198E9">
    <skipped/>
  </testcase> <!-- @AfterMethod handleTestResult -->
  <testcase classname="admission_onlineFormTestScripts.Admission_FormTestScripts" name="@BeforeMethod OpenAdmisisonForm_Page" time="-1.724929639199E9">
    <skipped/>
  </testcase> <!-- @BeforeMethod OpenAdmisisonForm_Page -->
  <testcase classname="generics.BaseTest" name="@BeforeMethod openApplication" time="-1.7249296392E9">
    <skipped/>
  </testcase> <!-- @BeforeMethod openApplication -->
  <testcase classname="generics.BaseTest" name="@AfterMethod handleTestResult" time="-1.7249296392E9">
    <skipped/>
  </testcase> <!-- @AfterMethod handleTestResult -->
  <testcase classname="admission_onlineFormTestScripts.Admission_FormTestScripts" name="@BeforeMethod OpenAdmisisonForm_Page" time="-1.724929639201E9">
    <skipped/>
  </testcase> <!-- @BeforeMethod OpenAdmisisonForm_Page -->
  <testcase classname="generics.BaseTest" name="@BeforeMethod openApplication" time="-1.724929639201E9">
    <skipped/>
  </testcase> <!-- @BeforeMethod openApplication -->
  <testcase classname="generics.BaseTest" name="@AfterMethod handleTestResult" time="-1.724929639201E9">
    <skipped/>
  </testcase> <!-- @AfterMethod handleTestResult -->
  <testcase classname="admission_onlineFormTestScripts.Admission_FormTestScripts" name="@BeforeMethod OpenAdmisisonForm_Page" time="-1.724929639202E9">
    <skipped/>
  </testcase> <!-- @BeforeMethod OpenAdmisisonForm_Page -->
  <testcase classname="generics.BaseTest" name="@BeforeMethod openApplication" time="-1.724929639202E9">
    <skipped/>
  </testcase> <!-- @BeforeMethod openApplication -->
  <testcase classname="generics.BaseTest" name="@AfterMethod handleTestResult" time="-1.724929639203E9">
    <skipped/>
  </testcase> <!-- @AfterMethod handleTestResult -->
  <testcase classname="admission_onlineFormTestScripts.Admission_FormTestScripts" name="@BeforeMethod OpenAdmisisonForm_Page" time="-1.724929639203E9">
    <skipped/>
  </testcase> <!-- @BeforeMethod OpenAdmisisonForm_Page -->
  <testcase classname="generics.BaseTest" name="@BeforeMethod openApplication" time="-1.724929639203E9">
    <skipped/>
  </testcase> <!-- @BeforeMethod openApplication -->
  <testcase classname="generics.BaseTest" name="@AfterMethod handleTestResult" time="-1.724929639205E9">
    <skipped/>
  </testcase> <!-- @AfterMethod handleTestResult -->
  <testcase classname="admission_onlineFormTestScripts.Admission_FormTestScripts" name="@BeforeMethod OpenAdmisisonForm_Page" time="-1.724929639206E9">
    <skipped/>
  </testcase> <!-- @BeforeMethod OpenAdmisisonForm_Page -->
  <testcase classname="generics.BaseTest" name="@BeforeMethod openApplication" time="-1.724929639206E9">
    <skipped/>
  </testcase> <!-- @BeforeMethod openApplication -->
  <testcase classname="generics.BaseTest" name="@AfterMethod handleTestResult" time="-1.724929639206E9">
    <skipped/>
  </testcase> <!-- @AfterMethod handleTestResult -->
  <testcase classname="admission_onlineFormTestScripts.Admission_FormTestScripts" name="@BeforeMethod OpenAdmisisonForm_Page" time="-1.724929639207E9">
    <skipped/>
  </testcase> <!-- @BeforeMethod OpenAdmisisonForm_Page -->
  <testcase classname="generics.BaseTest" name="@BeforeMethod openApplication" time="-1.724929639207E9">
    <skipped/>
  </testcase> <!-- @BeforeMethod openApplication -->
  <testcase classname="generics.BaseTest" name="@AfterMethod handleTestResult" time="-1.724929639207E9">
    <skipped/>
  </testcase> <!-- @AfterMethod handleTestResult -->
  <testcase classname="admission_onlineFormTestScripts.Admission_FormTestScripts" name="@BeforeMethod OpenAdmisisonForm_Page" time="-1.724929639208E9">
    <skipped/>
  </testcase> <!-- @BeforeMethod OpenAdmisisonForm_Page -->
  <testcase classname="generics.BaseTest" name="@BeforeMethod openApplication" time="-1.724929639208E9">
    <skipped/>
  </testcase> <!-- @BeforeMethod openApplication -->
  <testcase classname="generics.BaseTest" name="@AfterMethod handleTestResult" time="-1.724929639208E9">
    <skipped/>
  </testcase> <!-- @AfterMethod handleTestResult -->
  <testcase classname="admission_onlineFormTestScripts.Admission_FormTestScripts" name="@BeforeMethod OpenAdmisisonForm_Page" time="-1.724929639209E9">
    <skipped/>
  </testcase> <!-- @BeforeMethod OpenAdmisisonForm_Page -->
  <testcase classname="generics.BaseTest" name="@BeforeMethod openApplication" time="-1.724929639209E9">
    <skipped/>
  </testcase> <!-- @BeforeMethod openApplication -->
  <testcase classname="generics.BaseTest" name="@AfterMethod handleTestResult" time="-1.724929639212E9">
    <skipped/>
  </testcase> <!-- @AfterMethod handleTestResult -->
  <testcase classname="admission_onlineFormTestScripts.Admission_FormTestScripts" name="@BeforeMethod OpenAdmisisonForm_Page" time="-1.724929639212E9">
    <skipped/>
  </testcase> <!-- @BeforeMethod OpenAdmisisonForm_Page -->
  <testcase classname="generics.BaseTest" name="@BeforeMethod openApplication" time="-1.724929639213E9">
    <skipped/>
  </testcase> <!-- @BeforeMethod openApplication -->
  <testcase classname="generics.BaseTest" name="@AfterMethod handleTestResult" time="-1.724929639214E9">
    <skipped/>
  </testcase> <!-- @AfterMethod handleTestResult -->
  <testcase classname="admission_onlineFormTestScripts.Admission_FormTestScripts" name="@BeforeMethod OpenAdmisisonForm_Page" time="-1.724929639215E9">
    <skipped/>
  </testcase> <!-- @BeforeMethod OpenAdmisisonForm_Page -->
  <testcase classname="generics.BaseTest" name="@BeforeMethod openApplication" time="-1.724929639215E9">
    <skipped/>
  </testcase> <!-- @BeforeMethod openApplication -->
  <testcase classname="generics.BaseTest" name="@AfterMethod handleTestResult" time="-1.724929639216E9">
    <skipped/>
  </testcase> <!-- @AfterMethod handleTestResult -->
  <testcase classname="admission_onlineFormTestScripts.Admission_FormTestScripts" name="@BeforeMethod OpenAdmisisonForm_Page" time="-1.724929639216E9">
    <skipped/>
  </testcase> <!-- @BeforeMethod OpenAdmisisonForm_Page -->
  <testcase classname="generics.BaseTest" name="@BeforeMethod openApplication" time="-1.724929639217E9">
    <skipped/>
  </testcase> <!-- @BeforeMethod openApplication -->
  <testcase classname="generics.BaseTest" name="@AfterMethod handleTestResult" time="-1.724929639218E9">
    <skipped/>
  </testcase> <!-- @AfterMethod handleTestResult -->
  <testcase classname="admission_onlineFormTestScripts.Admission_FormTestScripts" name="@BeforeMethod OpenAdmisisonForm_Page" time="-1.724929639218E9">
    <skipped/>
  </testcase> <!-- @BeforeMethod OpenAdmisisonForm_Page -->
  <testcase classname="generics.BaseTest" name="@BeforeMethod openApplication" time="-1.724929639219E9">
    <skipped/>
  </testcase> <!-- @BeforeMethod openApplication -->
  <testcase classname="generics.BaseTest" name="@AfterMethod handleTestResult" time="-1.72492963922E9">
    <skipped/>
  </testcase> <!-- @AfterMethod handleTestResult -->
  <testcase classname="admission_onlineFormTestScripts.Admission_FormTestScripts" name="@BeforeMethod OpenAdmisisonForm_Page" time="-1.72492963922E9">
    <skipped/>
  </testcase> <!-- @BeforeMethod OpenAdmisisonForm_Page -->
  <testcase classname="generics.BaseTest" name="@BeforeMethod openApplication" time="-1.72492963922E9">
    <skipped/>
  </testcase> <!-- @BeforeMethod openApplication -->
  <testcase classname="generics.BaseTest" name="@AfterMethod handleTestResult" time="-1.724929639222E9">
    <skipped/>
  </testcase> <!-- @AfterMethod handleTestResult -->
  <testcase classname="admission_onlineFormTestScripts.Admission_FormTestScripts" name="@BeforeMethod OpenAdmisisonForm_Page" time="-1.724929639223E9">
    <skipped/>
  </testcase> <!-- @BeforeMethod OpenAdmisisonForm_Page -->
  <testcase classname="generics.BaseTest" name="@BeforeMethod openApplication" time="-1.724929639223E9">
    <skipped/>
  </testcase> <!-- @BeforeMethod openApplication -->
  <testcase classname="generics.BaseTest" name="@AfterMethod handleTestResult" time="-1.724929639224E9">
    <skipped/>
  </testcase> <!-- @AfterMethod handleTestResult -->
  <testcase classname="admission_onlineFormTestScripts.Admission_FormTestScripts" name="@BeforeMethod OpenAdmisisonForm_Page" time="-1.724929639225E9">
    <skipped/>
  </testcase> <!-- @BeforeMethod OpenAdmisisonForm_Page -->
  <testcase classname="generics.BaseTest" name="@BeforeMethod openApplication" time="-1.724929639225E9">
    <skipped/>
  </testcase> <!-- @BeforeMethod openApplication -->
  <testcase classname="generics.BaseTest" name="@AfterMethod handleTestResult" time="-1.724929639226E9">
    <skipped/>
  </testcase> <!-- @AfterMethod handleTestResult -->
  <testcase classname="admission_onlineFormTestScripts.Admission_FormTestScripts" name="@BeforeMethod OpenAdmisisonForm_Page" time="-1.724929639227E9">
    <skipped/>
  </testcase> <!-- @BeforeMethod OpenAdmisisonForm_Page -->
  <testcase classname="generics.BaseTest" name="@BeforeMethod openApplication" time="-1.724929639227E9">
    <skipped/>
  </testcase> <!-- @BeforeMethod openApplication -->
  <testcase classname="generics.BaseTest" name="@AfterMethod handleTestResult" time="-1.724929639228E9">
    <skipped/>
  </testcase> <!-- @AfterMethod handleTestResult -->
  <testcase classname="admission_onlineFormTestScripts.Admission_FormTestScripts" name="@BeforeMethod OpenAdmisisonForm_Page" time="-1.724929639228E9">
    <skipped/>
  </testcase> <!-- @BeforeMethod OpenAdmisisonForm_Page -->
  <testcase classname="generics.BaseTest" name="@BeforeMethod openApplication" time="-1.724929639229E9">
    <skipped/>
  </testcase> <!-- @BeforeMethod openApplication -->
  <testcase classname="generics.BaseTest" name="@AfterMethod handleTestResult" time="-1.724929639229E9">
    <skipped/>
  </testcase> <!-- @AfterMethod handleTestResult -->
  <testcase classname="admission_onlineFormTestScripts.Admission_FormTestScripts" name="@BeforeMethod OpenAdmisisonForm_Page" time="-1.72492963923E9">
    <skipped/>
  </testcase> <!-- @BeforeMethod OpenAdmisisonForm_Page -->
  <testcase classname="generics.BaseTest" name="@BeforeMethod openApplication" time="-1.72492963923E9">
    <skipped/>
  </testcase> <!-- @BeforeMethod openApplication -->
  <testcase classname="generics.BaseTest" name="@AfterMethod handleTestResult" time="-1.724929639232E9">
    <skipped/>
  </testcase> <!-- @AfterMethod handleTestResult -->
  <testcase classname="admission_onlineFormTestScripts.Admission_FormTestScripts" name="@BeforeMethod OpenAdmisisonForm_Page" time="-1.724929639232E9">
    <skipped/>
  </testcase> <!-- @BeforeMethod OpenAdmisisonForm_Page -->
  <testcase classname="generics.BaseTest" name="@BeforeMethod openApplication" time="-1.724929639233E9">
    <skipped/>
  </testcase> <!-- @BeforeMethod openApplication -->
  <testcase classname="generics.BaseTest" name="@AfterMethod handleTestResult" time="-1.724929639235E9">
    <skipped/>
  </testcase> <!-- @AfterMethod handleTestResult -->
  <testcase classname="admission_onlineFormTestScripts.Admission_FormTestScripts" name="@BeforeMethod OpenAdmisisonForm_Page" time="-1.724929639235E9">
    <skipped/>
  </testcase> <!-- @BeforeMethod OpenAdmisisonForm_Page -->
  <testcase classname="generics.BaseTest" name="@BeforeMethod openApplication" time="-1.724929639235E9">
    <skipped/>
  </testcase> <!-- @BeforeMethod openApplication -->
  <testcase classname="generics.BaseTest" name="@AfterMethod handleTestResult" time="-1.724929639236E9">
    <skipped/>
  </testcase> <!-- @AfterMethod handleTestResult -->
  <testcase classname="generics.BaseTest" name="@AfterClass closeBrowser" time="-1.724929639236E9">
    <skipped/>
  </testcase> <!-- @AfterClass closeBrowser -->
  <testcase classname="admission_onlineFormTestScripts.Admission_FormTestScripts" name="Child_photoFormat_SC_002_TC_004" time="4.779"/>
  <testcase classname="admission_onlineFormTestScripts.Admission_FormTestScripts" name="discountType_singleParentApplied_SC_002_TC_009" time="0.0">
    <skipped/>
  </testcase> <!-- discountType_singleParentApplied_SC_002_TC_009 -->
  <testcase classname="admission_onlineFormTestScripts.Admission_FormTestScripts" name="AdmisionViaCenterSelection_SC_001_TC_003" time="0.0">
    <skipped/>
  </testcase> <!-- AdmisionViaCenterSelection_SC_001_TC_003 -->
  <testcase classname="admission_onlineFormTestScripts.Admission_FormTestScripts" name="AdmisionViaAdmissionID_SC_001_TC_004" time="0.0">
    <skipped/>
  </testcase> <!-- AdmisionViaAdmissionID_SC_001_TC_004 -->
  <testcase classname="admission_onlineFormTestScripts.Admission_FormTestScripts" name="MandatoryFields_Validations_SC_001_TC_005" time="0.0">
    <skipped/>
  </testcase> <!-- MandatoryFields_Validations_SC_001_TC_005 -->
  <testcase classname="admission_onlineFormTestScripts.Admission_FormTestScripts" name="AdmissionStep1_success_SC_002_TC_002" time="0.0">
    <skipped/>
  </testcase> <!-- AdmissionStep1_success_SC_002_TC_002 -->
  <testcase classname="admission_onlineFormTestScripts.Admission_FormTestScripts" name="AdmissionStep1_MandatoryFieldsValidations_SC_002_TC_003" time="0.0">
    <skipped/>
  </testcase> <!-- AdmissionStep1_MandatoryFieldsValidations_SC_002_TC_003 -->
  <testcase classname="admission_onlineFormTestScripts.Admission_FormTestScripts" name="Child_photoSize1MB_SC_002_TC_004" time="0.0">
    <skipped/>
  </testcase> <!-- Child_photoSize1MB_SC_002_TC_004 -->
  <testcase classname="admission_onlineFormTestScripts.Admission_FormTestScripts" name="Child_photoMultiplesFaces_SC_002_TC_004" time="0.0">
    <skipped/>
  </testcase> <!-- Child_photoMultiplesFaces_SC_002_TC_004 -->
  <testcase classname="admission_onlineFormTestScripts.Admission_FormTestScripts" name="father_photoSize1MB_SC_002_TC_004" time="0.0">
    <skipped/>
  </testcase> <!-- father_photoSize1MB_SC_002_TC_004 -->
  <testcase classname="admission_onlineFormTestScripts.Admission_FormTestScripts" name="discountType_siblingApplied_SC_002_TC_008" time="0.0">
    <skipped/>
  </testcase> <!-- discountType_siblingApplied_SC_002_TC_008 -->
  <testcase classname="admission_onlineFormTestScripts.Admission_FormTestScripts" name="discountType_staffApplied_SC_002_TC_010" time="0.0">
    <skipped/>
  </testcase> <!-- discountType_staffApplied_SC_002_TC_010 -->
  <testcase classname="admission_onlineFormTestScripts.Admission_FormTestScripts" name="FatherMotherSection_Validations_SC_002_TC_012" time="0.0">
    <skipped/>
  </testcase> <!-- FatherMotherSection_Validations_SC_002_TC_012 -->
  <testcase classname="admission_onlineFormTestScripts.Admission_FormTestScripts" name="CheckBox_IFNotWorking_Validations_SC_002_TC_013" time="0.0">
    <skipped/>
  </testcase> <!-- CheckBox_IFNotWorking_Validations_SC_002_TC_013 -->
  <testcase classname="admission_onlineFormTestScripts.Admission_FormTestScripts" name="BackBtnFunctionality_SC_002_TC_014" time="0.0">
    <skipped/>
  </testcase> <!-- BackBtnFunctionality_SC_002_TC_014 -->
  <testcase classname="admission_onlineFormTestScripts.Admission_FormTestScripts" name="DuplicateChild_SC_002_TC_015" time="0.0">
    <skipped/>
  </testcase> <!-- DuplicateChild_SC_002_TC_015 -->
  <testcase classname="admission_onlineFormTestScripts.Admission_FormTestScripts" name="ShortTermPlan_SC_003_TC_004" time="0.0">
    <skipped/>
  </testcase> <!-- ShortTermPlan_SC_003_TC_004 -->
  <testcase classname="admission_onlineFormTestScripts.Admission_FormTestScripts" name="LongTermPlan_SC_003_TC_005" time="0.0">
    <skipped/>
  </testcase> <!-- LongTermPlan_SC_003_TC_005 -->
  <testcase classname="admission_onlineFormTestScripts.Admission_FormTestScripts" name="generatefullInvoice_longTermPlan_SC_003_TC_006" time="0.0">
    <skipped/>
  </testcase> <!-- generatefullInvoice_longTermPlan_SC_003_TC_006 -->
  <testcase classname="admission_onlineFormTestScripts.Admission_FormTestScripts" name="generatefullInvoice_shortTermPlanSC_003_TC_006" time="0.0">
    <skipped/>
  </testcase> <!-- generatefullInvoice_shortTermPlanSC_003_TC_006 -->
  <testcase classname="admission_onlineFormTestScripts.Admission_FormTestScripts" name="back_functionality_Step2_SC_003_TC_006" time="0.0">
    <skipped/>
  </testcase> <!-- back_functionality_Step2_SC_003_TC_006 -->
  <testcase classname="admission_onlineFormTestScripts.Admission_FormTestScripts" name="Amdission_summary_PaymentJSON_Step2_SC_003_TC_006" time="0.0">
    <skipped/>
  </testcase> <!-- Amdission_summary_PaymentJSON_Step2_SC_003_TC_006 -->
  <testcase classname="admission_onlineFormTestScripts.Admission_FormTestScripts" name="mother_photoMultiplesFaces_SC_002_TC_004" time="0.0">
    <ignored/>
  </testcase> <!-- mother_photoMultiplesFaces_SC_002_TC_004 -->
  <testcase classname="admission_onlineFormTestScripts.Admission_FormTestScripts" name="mother_photoFormat_SC_002_TC_004" time="0.0">
    <ignored/>
  </testcase> <!-- mother_photoFormat_SC_002_TC_004 -->
  <testcase classname="admission_onlineFormTestScripts.Admission_FormTestScripts" name="discountListValidation_SC_002_TC_007" time="0.0">
    <ignored/>
  </testcase> <!-- discountListValidation_SC_002_TC_007 -->
  <testcase classname="admission_onlineFormTestScripts.Admission_FormTestScripts" name="ValidationsAdmissionID_SC_001_TC_006" time="0.0">
    <ignored/>
  </testcase> <!-- ValidationsAdmissionID_SC_001_TC_006 -->
  <testcase classname="admission_onlineFormTestScripts.Admission_FormTestScripts" name="father_photoFormat_SC_002_TC_004" time="0.0">
    <ignored/>
  </testcase> <!-- father_photoFormat_SC_002_TC_004 -->
  <testcase classname="admission_onlineFormTestScripts.Admission_FormTestScripts" name="mother_photoSize1MB_SC_002_TC_004" time="0.0">
    <ignored/>
  </testcase> <!-- mother_photoSize1MB_SC_002_TC_004 -->
  <testcase classname="admission_onlineFormTestScripts.Admission_FormTestScripts" name="father_photoMultiplesFaces_SC_002_TC_004" time="0.0">
    <ignored/>
  </testcase> <!-- father_photoMultiplesFaces_SC_002_TC_004 -->
  <testcase classname="admission_onlineFormTestScripts.Admission_FormTestScripts" name="programListValidation_SC_002_TC_006" time="0.0">
    <ignored/>
  </testcase> <!-- programListValidation_SC_002_TC_006 -->
</testsuite> <!-- TestChrome -->
