<?xml version="1.0" encoding="UTF-8"?>
<!-- Generated by org.testng.reporters.JUnitXMLReporter -->
<testsuite ignored="0" hostname="FPE-LAP-254" failures="1" tests="9" name="Test" time="2055.298" errors="0" timestamp="2024-11-06T12:53:51 IST">
  <testcase classname="generics.BaseTest" name="@BeforeMethod openApplicationForm_Corporate" time="0.002">
    <failure type="org.openqa.selenium.NoSuchWindowException" message="no such window: target window already closed
from unknown error: web view not found
  (Session info: chrome=130.0.6723.92)
Build info: version: &amp;apos;4.23.0&amp;apos;, revision: &amp;apos;4df0a231af&amp;apos;
System info: os.name: &amp;apos;Windows 11&amp;apos;, os.arch: &amp;apos;amd64&amp;apos;, os.version: &amp;apos;10.0&amp;apos;, java.version: &amp;apos;21.0.3&amp;apos;
Driver info: org.openqa.selenium.chrome.ChromeDriver
Command: [a74aaacdb9341c1c183c4844c4b540a8, get {url=https://staging-franchise.footprintseducation.in/online_form?ckey=29txyab9h0l7i9dol56p3r4a0mukepcytmfp5lu0j7sjndpfgb}]
Capabilities {acceptInsecureCerts: false, browserName: chrome, browserVersion: 130.0.6723.92, chrome: {chromedriverVersion: 130.0.6723.91 (53ac07678369..., userDataDir: C:\Users\SUNITA~1\AppData\L...}, fedcm:accounts: true, goog:chromeOptions: {debuggerAddress: localhost:53006}, networkConnectionEnabled: false, pageLoadStrategy: normal, platformName: windows, proxy: Proxy(), se:cdp: ws://localhost:53006/devtoo..., se:cdpVersion: 130.0.6723.92, setWindowRect: true, strictFileInteractability: false, timeouts: {implicit: 0, pageLoad: 300000, script: 30000}, unhandledPromptBehavior: dismiss and notify, webauthn:extension:credBlob: true, webauthn:extension:largeBlob: true, webauthn:extension:minPinLength: true, webauthn:extension:prf: true, webauthn:virtualAuthenticators: true}
Session ID: a74aaacdb9341c1c183c4844c4b540a8">
      <![CDATA[org.openqa.selenium.NoSuchWindowException: no such window: target window already closed
from unknown error: web view not found
  (Session info: chrome=130.0.6723.92)
Build info: version: '4.23.0', revision: '4df0a231af'
System info: os.name: 'Windows 11', os.arch: 'amd64', os.version: '10.0', java.version: '21.0.3'
Driver info: org.openqa.selenium.chrome.ChromeDriver
Command: [a74aaacdb9341c1c183c4844c4b540a8, get {url=https://staging-franchise.footprintseducation.in/online_form?ckey=29txyab9h0l7i9dol56p3r4a0mukepcytmfp5lu0j7sjndpfgb}]
Capabilities {acceptInsecureCerts: false, browserName: chrome, browserVersion: 130.0.6723.92, chrome: {chromedriverVersion: 130.0.6723.91 (53ac07678369..., userDataDir: C:\Users\SUNITA~1\AppData\L...}, fedcm:accounts: true, goog:chromeOptions: {debuggerAddress: localhost:53006}, networkConnectionEnabled: false, pageLoadStrategy: normal, platformName: windows, proxy: Proxy(), se:cdp: ws://localhost:53006/devtoo..., se:cdpVersion: 130.0.6723.92, setWindowRect: true, strictFileInteractability: false, timeouts: {implicit: 0, pageLoad: 300000, script: 30000}, unhandledPromptBehavior: dismiss and notify, webauthn:extension:credBlob: true, webauthn:extension:largeBlob: true, webauthn:extension:minPinLength: true, webauthn:extension:prf: true, webauthn:virtualAuthenticators: true}
Session ID: a74aaacdb9341c1c183c4844c4b540a8
at org.openqa.selenium.remote.ErrorCodec.decode(ErrorCodec.java:167)
at org.openqa.selenium.remote.codec.w3c.W3CHttpResponseCodec.decode(W3CHttpResponseCodec.java:138)
at org.openqa.selenium.remote.codec.w3c.W3CHttpResponseCodec.decode(W3CHttpResponseCodec.java:50)
at org.openqa.selenium.remote.HttpCommandExecutor.execute(HttpCommandExecutor.java:190)
at org.openqa.selenium.remote.service.DriverCommandExecutor.invokeExecute(DriverCommandExecutor.java:216)
at org.openqa.selenium.remote.service.DriverCommandExecutor.execute(DriverCommandExecutor.java:174)
at org.openqa.selenium.remote.RemoteWebDriver.execute(RemoteWebDriver.java:527)
at org.openqa.selenium.remote.RemoteWebDriver.get(RemoteWebDriver.java:302)
at generics.BaseTest.openApplicationForm_Corporate(BaseTest.java:50)
at java.base/java.util.ArrayList.forEach(ArrayList.java:1596)
... Removed 32 stack frames]]>
    </failure>
  </testcase> <!-- @BeforeMethod openApplicationForm_Corporate -->
  <testcase classname="admission_onlineFormTestScripts.Corporate_Admission_TestScripts" name="@BeforeMethod Open_CorporateAdmisisonForm" time="-1.7308778312E9">
    <skipped/>
  </testcase> <!-- @BeforeMethod Open_CorporateAdmisisonForm -->
  <testcase classname="generics.BaseTest" name="@AfterMethod handleTestResult" time="-1.730877831219E9">
    <skipped/>
  </testcase> <!-- @AfterMethod handleTestResult -->
  <testcase classname="generics.BaseTest" name="@BeforeMethod openApplicationForm_Corporate" time="-1.730877831239E9">
    <skipped/>
  </testcase> <!-- @BeforeMethod openApplicationForm_Corporate -->
  <testcase classname="admission_onlineFormTestScripts.Corporate_Admission_TestScripts" name="@BeforeMethod Open_CorporateAdmisisonForm" time="-1.730877831242E9">
    <skipped/>
  </testcase> <!-- @BeforeMethod Open_CorporateAdmisisonForm -->
  <testcase classname="generics.BaseTest" name="@AfterMethod handleTestResult" time="-1.730877831256E9">
    <skipped/>
  </testcase> <!-- @AfterMethod handleTestResult -->
  <testcase classname="generics.BaseTest" name="@BeforeMethod openApplicationForm_Corporate" time="-1.730877831256E9">
    <skipped/>
  </testcase> <!-- @BeforeMethod openApplicationForm_Corporate -->
  <testcase classname="admission_onlineFormTestScripts.Corporate_Admission_TestScripts" name="@BeforeMethod Open_CorporateAdmisisonForm" time="-1.730877831256E9">
    <skipped/>
  </testcase> <!-- @BeforeMethod Open_CorporateAdmisisonForm -->
  <testcase classname="generics.BaseTest" name="@AfterMethod handleTestResult" time="-1.730877831258E9">
    <skipped/>
  </testcase> <!-- @AfterMethod handleTestResult -->
  <testcase classname="generics.BaseTest" name="@BeforeMethod openApplicationForm_Corporate" time="-1.730877831262E9">
    <skipped/>
  </testcase> <!-- @BeforeMethod openApplicationForm_Corporate -->
  <testcase classname="admission_onlineFormTestScripts.Corporate_Admission_TestScripts" name="@BeforeMethod Open_CorporateAdmisisonForm" time="-1.730877831263E9">
    <skipped/>
  </testcase> <!-- @BeforeMethod Open_CorporateAdmisisonForm -->
  <testcase classname="generics.BaseTest" name="@AfterMethod handleTestResult" time="-1.730877831264E9">
    <skipped/>
  </testcase> <!-- @AfterMethod handleTestResult -->
  <testcase classname="generics.BaseTest" name="@BeforeMethod openApplicationForm_Corporate" time="-1.730877831281E9">
    <skipped/>
  </testcase> <!-- @BeforeMethod openApplicationForm_Corporate -->
  <testcase classname="admission_onlineFormTestScripts.Corporate_Admission_TestScripts" name="@BeforeMethod Open_CorporateAdmisisonForm" time="-1.730877831282E9">
    <skipped/>
  </testcase> <!-- @BeforeMethod Open_CorporateAdmisisonForm -->
  <testcase classname="generics.BaseTest" name="@AfterMethod handleTestResult" time="-1.730877831377E9">
    <skipped/>
  </testcase> <!-- @AfterMethod handleTestResult -->
  <testcase classname="generics.BaseTest" name="@BeforeMethod openApplicationForm_Corporate" time="-1.730877831378E9">
    <skipped/>
  </testcase> <!-- @BeforeMethod openApplicationForm_Corporate -->
  <testcase classname="admission_onlineFormTestScripts.Corporate_Admission_TestScripts" name="@BeforeMethod Open_CorporateAdmisisonForm" time="-1.730877831379E9">
    <skipped/>
  </testcase> <!-- @BeforeMethod Open_CorporateAdmisisonForm -->
  <testcase classname="generics.BaseTest" name="@AfterMethod handleTestResult" time="-1.73087783138E9">
    <skipped/>
  </testcase> <!-- @AfterMethod handleTestResult -->
  <testcase classname="generics.BaseTest" name="@BeforeMethod openApplicationForm_Corporate" time="-1.73087783138E9">
    <skipped/>
  </testcase> <!-- @BeforeMethod openApplicationForm_Corporate -->
  <testcase classname="admission_onlineFormTestScripts.Corporate_Admission_TestScripts" name="@BeforeMethod Open_CorporateAdmisisonForm" time="-1.73087783138E9">
    <skipped/>
  </testcase> <!-- @BeforeMethod Open_CorporateAdmisisonForm -->
  <testcase classname="generics.BaseTest" name="@AfterMethod handleTestResult" time="-1.730877831403E9">
    <skipped/>
  </testcase> <!-- @AfterMethod handleTestResult -->
  <testcase classname="generics.BaseTest" name="@BeforeMethod openApplicationForm_Corporate" time="-1.730877831459E9">
    <skipped/>
  </testcase> <!-- @BeforeMethod openApplicationForm_Corporate -->
  <testcase classname="admission_onlineFormTestScripts.Corporate_Admission_TestScripts" name="@BeforeMethod Open_CorporateAdmisisonForm" time="-1.73087783146E9">
    <skipped/>
  </testcase> <!-- @BeforeMethod Open_CorporateAdmisisonForm -->
  <testcase classname="generics.BaseTest" name="@AfterMethod handleTestResult" time="-1.730877831463E9">
    <skipped/>
  </testcase> <!-- @AfterMethod handleTestResult -->
  <testcase classname="generics.BaseTest" name="@AfterClass closeBrowser" time="-1.730877831506E9">
    <skipped/>
  </testcase> <!-- @AfterClass closeBrowser -->
  <testcase classname="admission_onlineFormTestScripts.Corporate_Admission_TestScripts" name="DropDownSelection" time="2049.279">
    <failure type="org.openqa.selenium.NoSuchWindowException" message="no such window: target window already closed
from unknown error: web view not found
  (Session info: chrome=130.0.6723.92)
Build info: version: &amp;apos;4.23.0&amp;apos;, revision: &amp;apos;4df0a231af&amp;apos;
System info: os.name: &amp;apos;Windows 11&amp;apos;, os.arch: &amp;apos;amd64&amp;apos;, os.version: &amp;apos;10.0&amp;apos;, java.version: &amp;apos;21.0.3&amp;apos;
Driver info: org.openqa.selenium.chrome.ChromeDriver
Command: [a74aaacdb9341c1c183c4844c4b540a8, findElement {value=//html//body//div[5]//p[contains(text(), &amp;apos;Education&amp;apos;)], using=xpath}]
Capabilities {acceptInsecureCerts: false, browserName: chrome, browserVersion: 130.0.6723.92, chrome: {chromedriverVersion: 130.0.6723.91 (53ac07678369..., userDataDir: C:\Users\SUNITA~1\AppData\L...}, fedcm:accounts: true, goog:chromeOptions: {debuggerAddress: localhost:53006}, networkConnectionEnabled: false, pageLoadStrategy: normal, platformName: windows, proxy: Proxy(), se:cdp: ws://localhost:53006/devtoo..., se:cdpVersion: 130.0.6723.92, setWindowRect: true, strictFileInteractability: false, timeouts: {implicit: 0, pageLoad: 300000, script: 30000}, unhandledPromptBehavior: dismiss and notify, webauthn:extension:credBlob: true, webauthn:extension:largeBlob: true, webauthn:extension:minPinLength: true, webauthn:extension:prf: true, webauthn:virtualAuthenticators: true}
Session ID: a74aaacdb9341c1c183c4844c4b540a8">
      <![CDATA[org.openqa.selenium.NoSuchWindowException: no such window: target window already closed
from unknown error: web view not found
  (Session info: chrome=130.0.6723.92)
Build info: version: '4.23.0', revision: '4df0a231af'
System info: os.name: 'Windows 11', os.arch: 'amd64', os.version: '10.0', java.version: '21.0.3'
Driver info: org.openqa.selenium.chrome.ChromeDriver
Command: [a74aaacdb9341c1c183c4844c4b540a8, findElement {value=//html//body//div[5]//p[contains(text(), 'Education')], using=xpath}]
Capabilities {acceptInsecureCerts: false, browserName: chrome, browserVersion: 130.0.6723.92, chrome: {chromedriverVersion: 130.0.6723.91 (53ac07678369..., userDataDir: C:\Users\SUNITA~1\AppData\L...}, fedcm:accounts: true, goog:chromeOptions: {debuggerAddress: localhost:53006}, networkConnectionEnabled: false, pageLoadStrategy: normal, platformName: windows, proxy: Proxy(), se:cdp: ws://localhost:53006/devtoo..., se:cdpVersion: 130.0.6723.92, setWindowRect: true, strictFileInteractability: false, timeouts: {implicit: 0, pageLoad: 300000, script: 30000}, unhandledPromptBehavior: dismiss and notify, webauthn:extension:credBlob: true, webauthn:extension:largeBlob: true, webauthn:extension:minPinLength: true, webauthn:extension:prf: true, webauthn:virtualAuthenticators: true}
Session ID: a74aaacdb9341c1c183c4844c4b540a8
at org.openqa.selenium.remote.ErrorCodec.decode(ErrorCodec.java:167)
at org.openqa.selenium.remote.codec.w3c.W3CHttpResponseCodec.decode(W3CHttpResponseCodec.java:138)
at org.openqa.selenium.remote.codec.w3c.W3CHttpResponseCodec.decode(W3CHttpResponseCodec.java:50)
at org.openqa.selenium.remote.HttpCommandExecutor.execute(HttpCommandExecutor.java:190)
at org.openqa.selenium.remote.service.DriverCommandExecutor.invokeExecute(DriverCommandExecutor.java:216)
at org.openqa.selenium.remote.service.DriverCommandExecutor.execute(DriverCommandExecutor.java:174)
at org.openqa.selenium.remote.RemoteWebDriver.execute(RemoteWebDriver.java:527)
at org.openqa.selenium.remote.ElementLocation$ElementFinder$2.findElement(ElementLocation.java:165)
at org.openqa.selenium.remote.ElementLocation.findElement(ElementLocation.java:59)
at org.openqa.selenium.remote.RemoteWebDriver.findElement(RemoteWebDriver.java:357)
at org.openqa.selenium.remote.RemoteWebDriver.findElement(RemoteWebDriver.java:351)
at org.openqa.selenium.support.pagefactory.DefaultElementLocator.findElement(DefaultElementLocator.java:68)
at org.openqa.selenium.support.pagefactory.internal.LocatingElementHandler.invoke(LocatingElementHandler.java:38)
at jdk.proxy2/jdk.proxy2.$Proxy21.toString(Unknown Source)
at java.base/java.lang.String.valueOf(String.java:4465)
at org.openqa.selenium.support.ui.ExpectedConditions$10.toString(ExpectedConditions.java:295)
at java.base/java.lang.String.valueOf(String.java:4465)
at org.openqa.selenium.support.ui.FluentWait.until(FluentWait.java:225)
at admission_onlineForm.Corporate_Admissions.setChild_form(Corporate_Admissions.java:332)
at admission_onlineFormTestScripts.Corporate_Admission_TestScripts.DropDownSelection(Corporate_Admission_TestScripts.java:47)
at java.base/java.util.ArrayList.forEach(ArrayList.java:1596)
... Removed 28 stack frames]]>
    </failure>
  </testcase> <!-- DropDownSelection -->
  <testcase classname="admission_onlineFormTestScripts.Corporate_Admission_TestScripts" name="DropDownSelection" time="0.0">
    <skipped/>
  </testcase> <!-- DropDownSelection -->
  <testcase classname="admission_onlineFormTestScripts.Corporate_Admission_TestScripts" name="DropDownSelection" time="0.0">
    <skipped/>
  </testcase> <!-- DropDownSelection -->
  <testcase classname="admission_onlineFormTestScripts.Corporate_Admission_TestScripts" name="DropDownSelection" time="0.0">
    <skipped/>
  </testcase> <!-- DropDownSelection -->
  <testcase classname="admission_onlineFormTestScripts.Corporate_Admission_TestScripts" name="DropDownSelection" time="0.0">
    <skipped/>
  </testcase> <!-- DropDownSelection -->
  <testcase classname="admission_onlineFormTestScripts.Corporate_Admission_TestScripts" name="DropDownSelection" time="0.0">
    <skipped/>
  </testcase> <!-- DropDownSelection -->
  <testcase classname="admission_onlineFormTestScripts.Corporate_Admission_TestScripts" name="DropDownSelection" time="0.0">
    <skipped/>
  </testcase> <!-- DropDownSelection -->
  <testcase classname="admission_onlineFormTestScripts.Corporate_Admission_TestScripts" name="DropDownSelection" time="0.0">
    <skipped/>
  </testcase> <!-- DropDownSelection -->
  <testcase classname="admission_onlineFormTestScripts.Corporate_Admission_TestScripts" name="DropDownSelection" time="0.0">
    <skipped/>
  </testcase> <!-- DropDownSelection -->
</testsuite> <!-- Test -->
